2025-03-29T13:36:28.404+05:30  INFO 2216 --- [demo] [restartedMain] com.example.demo.DemoApplication         : Starting DemoApplication using Java 17.0.10 with PID 2216 (C:\Users\SURABHI\OneDrive\Desktop\wedding portal\demo\target\classes started by SURABHI in C:\Users\SURABHI\OneDrive\Desktop\wedding portal)
2025-03-29T13:36:28.430+05:30  INFO 2216 --- [demo] [restartedMain] com.example.demo.DemoApplication         : No active profile set, falling back to 1 default profile: "default"
2025-03-29T13:36:28.621+05:30  INFO 2216 --- [demo] [restartedMain] .e.DevToolsPropertyDefaultsPostProcessor : Devtools property defaults active! Set 'spring.devtools.add-properties' to 'false' to disable
2025-03-29T13:36:28.621+05:30  INFO 2216 --- [demo] [restartedMain] .e.DevToolsPropertyDefaultsPostProcessor : For additional web related logging consider setting the 'logging.level.web' property to 'DEBUG'
2025-03-29T13:36:31.025+05:30  INFO 2216 --- [demo] [restartedMain] .s.d.r.c.RepositoryConfigurationDelegate : Bootstrapping Spring Data JPA repositories in DEFAULT mode.
2025-03-29T13:36:31.240+05:30  INFO 2216 --- [demo] [restartedMain] .s.d.r.c.RepositoryConfigurationDelegate : Finished Spring Data repository scanning in 181 ms. Found 8 JPA repository interfaces.
2025-03-29T13:36:33.633+05:30  INFO 2216 --- [demo] [restartedMain] o.s.b.w.embedded.tomcat.TomcatWebServer  : Tomcat initialized with port 8080 (http)
2025-03-29T13:36:33.699+05:30  INFO 2216 --- [demo] [restartedMain] o.apache.catalina.core.StandardService   : Starting service [Tomcat]
2025-03-29T13:36:33.701+05:30  INFO 2216 --- [demo] [restartedMain] o.apache.catalina.core.StandardEngine    : Starting Servlet engine: [Apache Tomcat/10.1.34]
2025-03-29T13:36:33.816+05:30  INFO 2216 --- [demo] [restartedMain] o.a.c.c.C.[Tomcat].[localhost].[/]       : Initializing Spring embedded WebApplicationContext
2025-03-29T13:36:33.832+05:30  INFO 2216 --- [demo] [restartedMain] w.s.c.ServletWebServerApplicationContext : Root WebApplicationContext: initialization completed in 5195 ms
2025-03-29T13:36:34.896+05:30  INFO 2216 --- [demo] [restartedMain] o.hibernate.jpa.internal.util.LogHelper  : HHH000204: Processing PersistenceUnitInfo [name: default]
2025-03-29T13:36:35.510+05:30  INFO 2216 --- [demo] [restartedMain] org.hibernate.Version                    : HHH000412: Hibernate ORM core version 6.6.5.Final
2025-03-29T13:36:35.652+05:30  INFO 2216 --- [demo] [restartedMain] o.h.c.internal.RegionFactoryInitiator    : HHH000026: Second-level cache disabled
2025-03-29T13:36:36.383+05:30  INFO 2216 --- [demo] [restartedMain] o.s.o.j.p.SpringPersistenceUnitInfo      : No LoadTimeWeaver setup: ignoring JPA class transformer
2025-03-29T13:36:36.515+05:30  INFO 2216 --- [demo] [restartedMain] com.zaxxer.hikari.HikariDataSource       : HikariPool-1 - Starting...
2025-03-29T13:36:37.122+05:30  INFO 2216 --- [demo] [restartedMain] com.zaxxer.hikari.pool.HikariPool        : HikariPool-1 - Added connection com.mysql.cj.jdbc.ConnectionImpl@769b643b
2025-03-29T13:36:37.122+05:30  INFO 2216 --- [demo] [restartedMain] com.zaxxer.hikari.HikariDataSource       : HikariPool-1 - Start completed.
2025-03-29T13:36:37.224+05:30  WARN 2216 --- [demo] [restartedMain] org.hibernate.orm.deprecation            : HHH90000025: MySQL8Dialect does not need to be specified explicitly using 'hibernate.dialect' (remove the property setting and it will be selected by default)
2025-03-29T13:36:37.226+05:30  WARN 2216 --- [demo] [restartedMain] org.hibernate.orm.deprecation            : HHH90000026: MySQL8Dialect has been deprecated; use org.hibernate.dialect.MySQLDialect instead
2025-03-29T13:36:37.285+05:30  INFO 2216 --- [demo] [restartedMain] org.hibernate.orm.connections.pooling    : HHH10001005: Database info:
	Database JDBC URL [Connecting through datasource 'HikariDataSource (HikariPool-1)']
	Database driver: undefined/unknown
	Database version: 8.0
	Autocommit mode: undefined/unknown
	Isolation level: undefined/unknown
	Minimum pool size: undefined/unknown
	Maximum pool size: undefined/unknown
2025-03-29T13:36:39.673+05:30  INFO 2216 --- [demo] [restartedMain] o.h.e.t.j.p.i.JtaPlatformInitiator       : HHH000489: No JTA platform available (set 'hibernate.transaction.jta.platform' to enable JTA platform integration)
2025-03-29T13:36:39.897+05:30  INFO 2216 --- [demo] [restartedMain] j.LocalContainerEntityManagerFactoryBean : Initialized JPA EntityManagerFactory for persistence unit 'default'
2025-03-29T13:36:41.066+05:30  INFO 2216 --- [demo] [restartedMain] o.s.d.j.r.query.QueryEnhancerFactory     : Hibernate is in classpath; If applicable, HQL parser will be used.
2025-03-29T13:36:44.254+05:30  WARN 2216 --- [demo] [restartedMain] JpaBaseConfiguration$JpaWebConfiguration : spring.jpa.open-in-view is enabled by default. Therefore, database queries may be performed during view rendering. Explicitly configure spring.jpa.open-in-view to disable this warning
2025-03-29T13:36:44.610+05:30  INFO 2216 --- [demo] [restartedMain] o.s.v.b.OptionalValidatorFactoryBean     : Failed to set up a Bean Validation provider: jakarta.validation.NoProviderFoundException: Unable to create a Configuration, because no Jakarta Bean Validation provider could be found. Add a provider like Hibernate Validator (RI) to your classpath.
2025-03-29T13:36:47.077+05:30  INFO 2216 --- [demo] [restartedMain] o.s.b.d.a.OptionalLiveReloadServer       : LiveReload server is running on port 35729
2025-03-29T13:36:47.272+05:30  INFO 2216 --- [demo] [restartedMain] o.s.b.w.embedded.tomcat.TomcatWebServer  : Tomcat started on port 8080 (http) with context path '/'
2025-03-29T13:36:47.313+05:30  INFO 2216 --- [demo] [restartedMain] com.example.demo.DemoApplication         : Started DemoApplication in 20.067 seconds (process running for 21.229)
